{"message":"Logging initialized at debug level","level":"debug"}
{"message":"Express server app listening on port 8000!","level":"info"}
{"message":"Logging initialized at debug level","level":"debug"}
{"message":"Express server app listening on port 8000!","level":"info"}
{"message":"Logging initialized at debug level","level":"debug"}
{"message":"Express server app listening on port 8000!","level":"info"}
{"message":"Logging initialized at debug level","level":"debug"}
{"message":"Express server app listening on port 8000!","level":"info"}
{"message":"Logging initialized at debug level","level":"debug"}
{"message":"Express server app listening on port 8000!","level":"info"}
{"message":"Logging initialized at debug level","level":"debug"}
{"message":"Express server app listening on port 8000!","level":"info"}
{"message":"Logging initialized at debug level","level":"debug"}
{"message":"Express server app listening on port 8000!","level":"info"}
{"message":"Logging initialized at debug level","level":"debug"}
{"message":"Express server app listening on port 8000!","level":"info"}
{"message":"Logging initialized at debug level","level":"debug"}
{"message":"Express server app listening on port 8000!","level":"info"}
{"message":"Logging initialized at debug level","level":"debug"}
{"message":"Express server app listening on port 8000!","level":"info"}
{"message":"Logging initialized at debug level","level":"debug"}
{"message":"Express server app listening on port 8000!","level":"info"}
{"message":"Logging initialized at debug level","level":"debug"}
{"message":"Express server app listening on port 8000!","level":"info"}
{"message":"Logging initialized at debug level","level":"debug"}
{"message":"Express server app listening on port 8000!","level":"info"}
{"message":"Logging initialized at debug level","level":"debug"}
{"message":"Express server app listening on port 8000!","level":"info"}
{"message":"Logging initialized at debug level","level":"debug"}
{"message":"Express server app listening on port 8000!","level":"info"}
{"message":"Logging initialized at debug level","level":"debug"}
{"message":"Express server app listening on port 8000!","level":"info"}
{"message":"Logging initialized at debug level","level":"debug"}
{"message":"Express server app listening on port 8000!","level":"info"}
{"message":"Logging initialized at debug level","level":"debug"}
{"message":"Express server app listening on port 8000!","level":"info"}
{"message":"Logging initialized at debug level","level":"debug"}
{"message":"Express server app listening on port 8000!","level":"info"}
{"message":"Logging initialized at debug level","level":"debug"}
{"message":"Express server app listening on port 8000!","level":"info"}
{"message":"Logging initialized at debug level","level":"debug"}
{"message":"Express server app listening on port 8000!","level":"info"}
{"message":"Logging initialized at debug level","level":"debug"}
{"message":"Express server app listening on port 8000!","level":"info"}
{"message":"Logging initialized at debug level","level":"debug"}
{"message":"Express server app listening on port 8000!","level":"info"}
{"message":"Logging initialized at debug level","level":"debug"}
{"message":"Express server app listening on port 8000!","level":"info"}
{"message":"Logging initialized at debug level","level":"debug"}
{"message":"Express server app listening on port 8000!","level":"info"}
{"message":"Logging initialized at debug level","level":"debug"}
{"message":"Express server app listening on port 8000!","level":"info"}
{"message":"Logging initialized at debug level","level":"debug"}
{"message":"Express server app listening on port 8000!","level":"info"}
{"message":"Logging initialized at debug level","level":"debug"}
{"message":"Express server app listening on port 8000!","level":"info"}
{"message":"Logging initialized at debug level","level":"debug"}
{"message":"Express server app listening on port 8000!","level":"info"}
{"message":"Logging initialized at debug level","level":"debug"}
{"message":"Express server app listening on port 8000!","level":"info"}
{"message":"Logging initialized at debug level","level":"debug"}
{"message":"Express server app listening on port 8000!","level":"info"}
{"message":"Logging initialized at debug level","level":"debug"}
{"message":"Express server app listening on port 8000!","level":"info"}
{"message":"Logging initialized at debug level","level":"debug"}
{"message":"Express server app listening on port 8000!","level":"info"}
{"message":"Logging initialized at debug level","level":"debug"}
{"message":"Express server app listening on port 8000!","level":"info"}
{"message":"Logging initialized at debug level","level":"debug"}
{"message":"Express server app listening on port 8000!","level":"info"}
{"message":"Logging initialized at debug level","level":"debug"}
{"message":"Express server app listening on port 8000!","level":"info"}
{"message":"Logging initialized at debug level","level":"debug"}
{"message":"Express server app listening on port 8000!","level":"info"}
{"message":"Logging initialized at debug level","level":"debug"}
{"message":"Express server app listening on port 8000!","level":"info"}
{"message":"Logging initialized at debug level","level":"debug"}
{"message":"Express server app listening on port 8000!","level":"info"}
{"message":"Logging initialized at debug level","level":"debug"}
{"message":"Express server app listening on port 8000!","level":"info"}
{"message":"Logging initialized at debug level","level":"debug"}
{"message":"Express server app listening on port 8000!","level":"info"}
{"message":"Logging initialized at debug level","level":"debug"}
{"message":"Express server app listening on port 8000!","level":"info"}
{"message":"Logging initialized at debug level","level":"debug"}
{"message":"Express server app listening on port 8000!","level":"info"}
{"message":"Logging initialized at debug level","level":"debug"}
{"message":"Express server app listening on port 8000!","level":"info"}
{"message":"Logging initialized at debug level","level":"debug"}
{"message":"Express server app listening on port 8000!","level":"info"}
{"message":"Logging initialized at debug level","level":"debug"}
{"message":"Express server app listening on port 8000!","level":"info"}
{"message":"Logging initialized at debug level","level":"debug"}
{"message":"Express server app listening on port 8000!","level":"info"}
{"message":"Logging initialized at debug level","level":"debug"}
{"message":"Express server app listening on port 8000!","level":"info"}
{"message":"Logging initialized at debug level","level":"debug"}
{"message":"Express server app listening on port 8000!","level":"info"}
{"message":"Logging initialized at debug level","level":"debug"}
{"message":"Express server app listening on port 8000!","level":"info"}
{"message":"Logging initialized at debug level","level":"debug"}
{"message":"Express server app listening on port 8000!","level":"info"}
{"message":"Logging initialized at debug level","level":"debug"}
{"message":"Express server app listening on port 8000!","level":"info"}
{"message":"Logging initialized at debug level","level":"debug"}
{"message":"Express server app listening on port 8000!","level":"info"}
{"message":"Logging initialized at debug level","level":"debug"}
{"message":"Express server app listening on port 8000!","level":"info"}
{"message":"Logging initialized at debug level","level":"debug"}
{"message":"Express server app listening on port 8000!","level":"info"}
{"message":"Logging initialized at debug level","level":"debug"}
{"message":"Express server app listening on port 8000!","level":"info"}
{"message":"Logging initialized at debug level","level":"debug"}
{"message":"Express server app listening on port 8000!","level":"info"}
{"message":"Logging initialized at debug level","level":"debug"}
{"message":"Express server app listening on port 8000!","level":"info"}
{"message":"Logging initialized at debug level","level":"debug"}
{"message":"Express server app listening on port 8000!","level":"info"}
{"message":"Logging initialized at debug level","level":"debug"}
{"message":"Express server app listening on port 8000!","level":"info"}
{"message":"Logging initialized at debug level","level":"debug"}
{"message":"Express server app listening on port 8000!","level":"info"}
{"message":"Logging initialized at debug level","level":"debug"}
{"message":"Express server app listening on port 8000!","level":"info"}
{"message":"Logging initialized at debug level","level":"debug"}
{"message":"Express server app listening on port 8000!","level":"info"}
{"message":"Logging initialized at debug level","level":"debug"}
{"message":"Express server app listening on port 8000!","level":"info"}
{"message":"Logging initialized at debug level","level":"debug"}
{"message":"Express server app listening on port 8000!","level":"info"}
{"message":"Logging initialized at debug level","level":"debug"}
{"message":"Express server app listening on port 8000!","level":"info"}
{"message":"Logging initialized at debug level","level":"debug"}
{"message":"Express server app listening on port 8000!","level":"info"}
{"message":"Logging initialized at debug level","level":"debug"}
{"message":"Express server app listening on port 8000!","level":"info"}
{"message":"Logging initialized at debug level","level":"debug"}
{"message":"Express server app listening on port 8000!","level":"info"}
{"message":"Logging initialized at debug level","level":"debug"}
{"message":"Express server app listening on port 8000!","level":"info"}
{"message":"Logging initialized at debug level","level":"debug"}
{"message":"Express server app listening on port 8000!","level":"info"}
{"message":"Couldn't connect to MySQL server SequelizeConnectionRefusedError: connect ECONNREFUSED 127.0.0.1:3306","level":"error"}
{"message":"Logging initialized at debug level","level":"debug"}
{"message":"Express server app listening on port 8000!","level":"info"}
{"message":"Successfully connected to DB server","level":"info"}
{"message":"Logging initialized at debug level","level":"debug"}
{"message":"Express server app listening on port 8000!","level":"info"}
{"message":"Successfully connected to DB server","level":"info"}
{"message":"Logging initialized at debug level","level":"debug"}
{"message":"Express server app listening on port 8000!","level":"info"}
{"message":"Successfully connected to DB server","level":"info"}
{"message":"Logging initialized at debug level","level":"debug"}
{"message":"Express server app listening on port 8000!","level":"info"}
{"message":"Successfully connected to DB server","level":"info"}
{"message":"Logging initialized at debug level","level":"debug"}
{"message":"Express server app listening on port 8000!","level":"info"}
{"message":"Successfully connected to DB server","level":"info"}
{"message":"Logging initialized at debug level","level":"debug"}
{"message":"Express server app listening on port 8000!","level":"info"}
{"message":"Successfully connected to DB server","level":"info"}
{"message":"Logging initialized at debug level","level":"debug"}
{"message":"Express server app listening on port 8000!","level":"info"}
{"message":"Successfully connected to DB server","level":"info"}
{"message":"Logging initialized at debug level","level":"debug"}
{"message":"Express server app listening on port 8000!","level":"info"}
{"message":"Successfully connected to DB server","level":"info"}
{"level":"debug"}
{"message":"Logging initialized at debug level","level":"debug"}
{"message":"Express server app listening on port 8000!","level":"info"}
{"message":"Successfully connected to DB server","level":"info"}
{"message":"Logging initialized at debug level","level":"debug"}
{"message":"Express server app listening on port 8000!","level":"info"}
{"message":"Successfully connected to DB server","level":"info"}
{"message":"Logging initialized at debug level","level":"debug"}
{"message":"Express server app listening on port 8000!","level":"info"}
{"message":"Successfully connected to DB server","level":"info"}
{"message":"Logging initialized at debug level","level":"debug"}
{"message":"Express server app listening on port 8000!","level":"info"}
{"message":"Successfully connected to DB server","level":"info"}
{"message":{"code":"4/0AY0e-g6_nz_h8UlWplX-BuAb2_8WZYBmixYVvhTcrn3mhWY8Qaa7DBnRzEKqZGfZAPgzDw","client_id":"583438906271-3ajmphde7h1743p0s2j4k6dc7n2frcnm.apps.googleusercontent.com","redirect_uri":"http://localhost:3000/login","response_type":"code","audience":"","grant_type":"authorization_code"},"level":"debug"}
{"message":"Logging initialized at debug level","level":"debug"}
{"message":"Express server app listening on port 8000!","level":"info"}
{"message":"Successfully connected to DB server","level":"info"}
{"message":"Logging initialized at debug level","level":"debug"}
{"message":"Express server app listening on port 8000!","level":"info"}
{"message":"Successfully connected to DB server","level":"info"}
{"message":{"code":"4/0AY0e-g6_nz_h8UlWplX-BuAb2_8WZYBmixYVvhTcrn3mhWY8Qaa7DBnRzEKqZGfZAPgzDw","client_id":"583438906271-3ajmphde7h1743p0s2j4k6dc7n2frcnm.apps.googleusercontent.com","redirect_uri":"http://localhost:3000/login","response_type":"code","audience":"","grant_type":"authorization_code"},"level":"debug"}
{"message":"Logging initialized at debug level","level":"debug"}
{"message":"Express server app listening on port 8000!","level":"info"}
{"message":"Successfully connected to DB server","level":"info"}
{"message":"Logging initialized at debug level","level":"debug"}
{"message":"Express server app listening on port 8000!","level":"info"}
{"message":"Couldn't connect to MySQL server SequelizeConnectionRefusedError: connect ECONNREFUSED 127.0.0.1:3306","level":"error"}
{"message":"Logging initialized at debug level","level":"debug"}
{"message":"Express server app listening on port 8000!","level":"info"}
{"message":"Successfully connected to DB server","level":"info"}
{"message":{"code":"4/0AY0e-g6UashcyH4LnGoeShnVkEoetOt4hDDYYvn7_zBwJRYsMNI-HwsSG8-q2nqaEWYUsg","client_id":"583438906271-3ajmphde7h1743p0s2j4k6dc7n2frcnm.apps.googleusercontent.com","redirect_uri":"http://localhost:3000/login","response_type":"code","audience":"","grant_type":"authorization_code","code_verifier":"3a0cc671efa4882835e6bb687709f048c5337b57f6c28f2120a550a1"},"level":"debug"}
{"message":"Logging initialized at debug level","level":"debug"}
{"message":"Express server app listening on port 8000!","level":"info"}
{"message":"Successfully connected to DB server","level":"info"}
{"message":{"code":"4/0AY0e-g6UashcyH4LnGoeShnVkEoetOt4hDDYYvn7_zBwJRYsMNI-HwsSG8-q2nqaEWYUsg","client_id":"583438906271-3ajmphde7h1743p0s2j4k6dc7n2frcnm.apps.googleusercontent.com","redirect_uri":"http://localhost:3000/login","response_type":"code","audience":"","grant_type":"authorization_code"},"level":"debug"}
{"response":{"config":{"method":"POST","url":"https://oauth2.googleapis.com/token","data":"code=4%2F0AY0e-g6UashcyH4LnGoeShnVkEoetOt4hDDYYvn7_zBwJRYsMNI-HwsSG8-q2nqaEWYUsg&client_id=583438906271-3ajmphde7h1743p0s2j4k6dc7n2frcnm.apps.googleusercontent.com&client_secret=TGjC7c3V_Ye0NF8vaA7v7Bma&redirect_uri=&grant_type=authorization_code&code_verifier=","headers":{"Content-Type":"application/x-www-form-urlencoded","User-Agent":"google-api-nodejs-client/6.1.3","x-goog-api-client":"gl-node/14.15.0 auth/6.1.3","Accept":"application/json"},"body":"code=4%2F0AY0e-g6UashcyH4LnGoeShnVkEoetOt4hDDYYvn7_zBwJRYsMNI-HwsSG8-q2nqaEWYUsg&client_id=583438906271-3ajmphde7h1743p0s2j4k6dc7n2frcnm.apps.googleusercontent.com&client_secret=TGjC7c3V_Ye0NF8vaA7v7Bma&redirect_uri=&grant_type=authorization_code&code_verifier=","responseType":"json"},"data":{"error":"invalid_grant","error_description":"Bad Request"},"headers":{"alt-svc":"h3-Q050=\":443\"; ma=2592000,h3-29=\":443\"; ma=2592000,h3-T051=\":443\"; ma=2592000,h3-T050=\":443\"; ma=2592000,h3-Q046=\":443\"; ma=2592000,h3-Q043=\":443\"; ma=2592000,quic=\":443\"; ma=2592000; v=\"46,43\"","cache-control":"no-cache, no-store, max-age=0, must-revalidate","connection":"close","content-encoding":"gzip","content-type":"application/json; charset=utf-8","date":"Fri, 13 Nov 2020 11:58:26 GMT","expires":"Mon, 01 Jan 1990 00:00:00 GMT","pragma":"no-cache","server":"scaffolding on HTTPServer2","transfer-encoding":"chunked","vary":"Origin, X-Origin, Referer","x-content-type-options":"nosniff","x-frame-options":"SAMEORIGIN","x-xss-protection":"0"},"status":400,"statusText":"Bad Request","request":{"responseURL":"https://oauth2.googleapis.com/token"}},"config":{"method":"POST","url":"https://oauth2.googleapis.com/token","data":"code=4%2F0AY0e-g6UashcyH4LnGoeShnVkEoetOt4hDDYYvn7_zBwJRYsMNI-HwsSG8-q2nqaEWYUsg&client_id=583438906271-3ajmphde7h1743p0s2j4k6dc7n2frcnm.apps.googleusercontent.com&client_secret=TGjC7c3V_Ye0NF8vaA7v7Bma&redirect_uri=&grant_type=authorization_code&code_verifier=","headers":{"Content-Type":"application/x-www-form-urlencoded","User-Agent":"google-api-nodejs-client/6.1.3","x-goog-api-client":"gl-node/14.15.0 auth/6.1.3","Accept":"application/json"},"body":"code=4%2F0AY0e-g6UashcyH4LnGoeShnVkEoetOt4hDDYYvn7_zBwJRYsMNI-HwsSG8-q2nqaEWYUsg&client_id=583438906271-3ajmphde7h1743p0s2j4k6dc7n2frcnm.apps.googleusercontent.com&client_secret=TGjC7c3V_Ye0NF8vaA7v7Bma&redirect_uri=&grant_type=authorization_code&code_verifier=","responseType":"json"},"code":"400","level":"error"}
{"message":"Logging initialized at debug level","level":"debug"}
{"message":"Express server app listening on port 8000!","level":"info"}
{"message":"Successfully connected to DB server","level":"info"}
{"message":"Logging initialized at debug level","level":"debug"}
{"message":"Express server app listening on port 8000!","level":"info"}
{"message":"Successfully connected to DB server","level":"info"}
{"message":"Logging initialized at debug level","level":"debug"}
{"message":"Express server app listening on port 8000!","level":"info"}
{"message":"Successfully connected to DB server","level":"info"}
{"message":"Logging initialized at debug level","level":"debug"}
{"message":"Express server app listening on port 8000!","level":"info"}
{"message":"Successfully connected to DB server","level":"info"}
{"message":{"code":"4/0AY0e-g6mbMvwixlWoyX8AOrQZg9AdclsnbXf7j-33LilczPzJyjgf2H_3QaQseDQ2n492A","client_id":"583438906271-3ajmphde7h1743p0s2j4k6dc7n2frcnm.apps.googleusercontent.com","redirect_uri":"http://localhost:3000/login","response_type":"code","audience":"","grant_type":"authorization_code","code_verifier":"9eabb13cf341dbe0ca05ec9d6fb58ad8dafb1a9b420ae11dd72b6687"},"level":"debug"}
{"response":{"config":{"method":"POST","url":"https://oauth2.googleapis.com/token","data":"code=4%2F0AY0e-g6mbMvwixlWoyX8AOrQZg9AdclsnbXf7j-33LilczPzJyjgf2H_3QaQseDQ2n492A&client_id=583438906271-3ajmphde7h1743p0s2j4k6dc7n2frcnm.apps.googleusercontent.com&client_secret=TGjC7c3V_Ye0NF8vaA7v7Bma&redirect_uri=http%3A%2F%2Flocalhost%3A3000&grant_type=authorization_code&code_verifier=","headers":{"Content-Type":"application/x-www-form-urlencoded","User-Agent":"google-api-nodejs-client/6.1.3","x-goog-api-client":"gl-node/14.15.0 auth/6.1.3","Accept":"application/json"},"body":"code=4%2F0AY0e-g6mbMvwixlWoyX8AOrQZg9AdclsnbXf7j-33LilczPzJyjgf2H_3QaQseDQ2n492A&client_id=583438906271-3ajmphde7h1743p0s2j4k6dc7n2frcnm.apps.googleusercontent.com&client_secret=TGjC7c3V_Ye0NF8vaA7v7Bma&redirect_uri=http%3A%2F%2Flocalhost%3A3000&grant_type=authorization_code&code_verifier=","responseType":"json"},"data":{"error":"invalid_grant","error_description":"Missing code verifier."},"headers":{"alt-svc":"h3-Q050=\":443\"; ma=2592000,h3-29=\":443\"; ma=2592000,h3-T051=\":443\"; ma=2592000,h3-T050=\":443\"; ma=2592000,h3-Q046=\":443\"; ma=2592000,h3-Q043=\":443\"; ma=2592000,quic=\":443\"; ma=2592000; v=\"46,43\"","cache-control":"no-cache, no-store, max-age=0, must-revalidate","connection":"close","content-encoding":"gzip","content-type":"application/json; charset=utf-8","date":"Fri, 13 Nov 2020 12:31:15 GMT","expires":"Mon, 01 Jan 1990 00:00:00 GMT","pragma":"no-cache","server":"scaffolding on HTTPServer2","transfer-encoding":"chunked","vary":"Origin, X-Origin, Referer","x-content-type-options":"nosniff","x-frame-options":"SAMEORIGIN","x-xss-protection":"0"},"status":400,"statusText":"Bad Request","request":{"responseURL":"https://oauth2.googleapis.com/token"}},"config":{"method":"POST","url":"https://oauth2.googleapis.com/token","data":"code=4%2F0AY0e-g6mbMvwixlWoyX8AOrQZg9AdclsnbXf7j-33LilczPzJyjgf2H_3QaQseDQ2n492A&client_id=583438906271-3ajmphde7h1743p0s2j4k6dc7n2frcnm.apps.googleusercontent.com&client_secret=TGjC7c3V_Ye0NF8vaA7v7Bma&redirect_uri=http%3A%2F%2Flocalhost%3A3000&grant_type=authorization_code&code_verifier=","headers":{"Content-Type":"application/x-www-form-urlencoded","User-Agent":"google-api-nodejs-client/6.1.3","x-goog-api-client":"gl-node/14.15.0 auth/6.1.3","Accept":"application/json"},"body":"code=4%2F0AY0e-g6mbMvwixlWoyX8AOrQZg9AdclsnbXf7j-33LilczPzJyjgf2H_3QaQseDQ2n492A&client_id=583438906271-3ajmphde7h1743p0s2j4k6dc7n2frcnm.apps.googleusercontent.com&client_secret=TGjC7c3V_Ye0NF8vaA7v7Bma&redirect_uri=http%3A%2F%2Flocalhost%3A3000&grant_type=authorization_code&code_verifier=","responseType":"json"},"code":"400","level":"error"}
{"message":"Logging initialized at debug level","level":"debug"}
{"message":"Express server app listening on port 8000!","level":"info"}
{"message":"Successfully connected to DB server","level":"info"}
{"message":{"code":"4/0AY0e-g6mbMvwixlWoyX8AOrQZg9AdclsnbXf7j-33LilczPzJyjgf2H_3QaQseDQ2n492A","client_id":"583438906271-3ajmphde7h1743p0s2j4k6dc7n2frcnm.apps.googleusercontent.com","redirect_uri":"http://localhost:3000/login","response_type":"code","audience":"","grant_type":"authorization_code"},"level":"debug"}
{"response":{"config":{"method":"POST","url":"https://oauth2.googleapis.com/token","data":"code=4%2F0AY0e-g6mbMvwixlWoyX8AOrQZg9AdclsnbXf7j-33LilczPzJyjgf2H_3QaQseDQ2n492A&client_id=583438906271-3ajmphde7h1743p0s2j4k6dc7n2frcnm.apps.googleusercontent.com&client_secret=TGjC7c3V_Ye0NF8vaA7v7Bma&redirect_uri=http%3A%2F%2Flocalhost%3A3000&grant_type=authorization_code&code_verifier=S256","headers":{"Content-Type":"application/x-www-form-urlencoded","User-Agent":"google-api-nodejs-client/6.1.3","x-goog-api-client":"gl-node/14.15.0 auth/6.1.3","Accept":"application/json"},"body":"code=4%2F0AY0e-g6mbMvwixlWoyX8AOrQZg9AdclsnbXf7j-33LilczPzJyjgf2H_3QaQseDQ2n492A&client_id=583438906271-3ajmphde7h1743p0s2j4k6dc7n2frcnm.apps.googleusercontent.com&client_secret=TGjC7c3V_Ye0NF8vaA7v7Bma&redirect_uri=http%3A%2F%2Flocalhost%3A3000&grant_type=authorization_code&code_verifier=S256","responseType":"json"},"data":{"error":"invalid_grant","error_description":"Bad Request"},"headers":{"alt-svc":"h3-Q050=\":443\"; ma=2592000,h3-29=\":443\"; ma=2592000,h3-T051=\":443\"; ma=2592000,h3-T050=\":443\"; ma=2592000,h3-Q046=\":443\"; ma=2592000,h3-Q043=\":443\"; ma=2592000,quic=\":443\"; ma=2592000; v=\"46,43\"","cache-control":"no-cache, no-store, max-age=0, must-revalidate","connection":"close","content-encoding":"gzip","content-type":"application/json; charset=utf-8","date":"Fri, 13 Nov 2020 12:34:24 GMT","expires":"Mon, 01 Jan 1990 00:00:00 GMT","pragma":"no-cache","server":"scaffolding on HTTPServer2","transfer-encoding":"chunked","vary":"Origin, X-Origin, Referer","x-content-type-options":"nosniff","x-frame-options":"SAMEORIGIN","x-xss-protection":"0"},"status":400,"statusText":"Bad Request","request":{"responseURL":"https://oauth2.googleapis.com/token"}},"config":{"method":"POST","url":"https://oauth2.googleapis.com/token","data":"code=4%2F0AY0e-g6mbMvwixlWoyX8AOrQZg9AdclsnbXf7j-33LilczPzJyjgf2H_3QaQseDQ2n492A&client_id=583438906271-3ajmphde7h1743p0s2j4k6dc7n2frcnm.apps.googleusercontent.com&client_secret=TGjC7c3V_Ye0NF8vaA7v7Bma&redirect_uri=http%3A%2F%2Flocalhost%3A3000&grant_type=authorization_code&code_verifier=S256","headers":{"Content-Type":"application/x-www-form-urlencoded","User-Agent":"google-api-nodejs-client/6.1.3","x-goog-api-client":"gl-node/14.15.0 auth/6.1.3","Accept":"application/json"},"body":"code=4%2F0AY0e-g6mbMvwixlWoyX8AOrQZg9AdclsnbXf7j-33LilczPzJyjgf2H_3QaQseDQ2n492A&client_id=583438906271-3ajmphde7h1743p0s2j4k6dc7n2frcnm.apps.googleusercontent.com&client_secret=TGjC7c3V_Ye0NF8vaA7v7Bma&redirect_uri=http%3A%2F%2Flocalhost%3A3000&grant_type=authorization_code&code_verifier=S256","responseType":"json"},"code":"400","level":"error"}
{"message":"Logging initialized at debug level","level":"debug"}
{"message":"Express server app listening on port 8000!","level":"info"}
{"message":"Successfully connected to DB server","level":"info"}
{"message":{"code":"4/0AY0e-g6mbMvwixlWoyX8AOrQZg9AdclsnbXf7j-33LilczPzJyjgf2H_3QaQseDQ2n492A","client_id":"583438906271-3ajmphde7h1743p0s2j4k6dc7n2frcnm.apps.googleusercontent.com","redirect_uri":"http://localhost:3000/login","response_type":"code","audience":"","grant_type":"authorization_code"},"level":"debug"}
{"response":{"config":{"method":"POST","url":"https://oauth2.googleapis.com/token","data":"code=4%2F0AY0e-g6mbMvwixlWoyX8AOrQZg9AdclsnbXf7j-33LilczPzJyjgf2H_3QaQseDQ2n492A&client_id=583438906271-3ajmphde7h1743p0s2j4k6dc7n2frcnm.apps.googleusercontent.com&client_secret=TGjC7c3V_Ye0NF8vaA7v7Bma&redirect_uri=http%3A%2F%2Flocalhost%3A3000&grant_type=authorization_code&code_verifier=plain","headers":{"Content-Type":"application/x-www-form-urlencoded","User-Agent":"google-api-nodejs-client/6.1.3","x-goog-api-client":"gl-node/14.15.0 auth/6.1.3","Accept":"application/json"},"body":"code=4%2F0AY0e-g6mbMvwixlWoyX8AOrQZg9AdclsnbXf7j-33LilczPzJyjgf2H_3QaQseDQ2n492A&client_id=583438906271-3ajmphde7h1743p0s2j4k6dc7n2frcnm.apps.googleusercontent.com&client_secret=TGjC7c3V_Ye0NF8vaA7v7Bma&redirect_uri=http%3A%2F%2Flocalhost%3A3000&grant_type=authorization_code&code_verifier=plain","responseType":"json"},"data":{"error":"invalid_grant","error_description":"Bad Request"},"headers":{"alt-svc":"h3-Q050=\":443\"; ma=2592000,h3-29=\":443\"; ma=2592000,h3-T051=\":443\"; ma=2592000,h3-T050=\":443\"; ma=2592000,h3-Q046=\":443\"; ma=2592000,h3-Q043=\":443\"; ma=2592000,quic=\":443\"; ma=2592000; v=\"46,43\"","cache-control":"no-cache, no-store, max-age=0, must-revalidate","connection":"close","content-encoding":"gzip","content-type":"application/json; charset=utf-8","date":"Fri, 13 Nov 2020 12:39:53 GMT","expires":"Mon, 01 Jan 1990 00:00:00 GMT","pragma":"no-cache","server":"scaffolding on HTTPServer2","transfer-encoding":"chunked","vary":"Origin, X-Origin, Referer","x-content-type-options":"nosniff","x-frame-options":"SAMEORIGIN","x-xss-protection":"0"},"status":400,"statusText":"Bad Request","request":{"responseURL":"https://oauth2.googleapis.com/token"}},"config":{"method":"POST","url":"https://oauth2.googleapis.com/token","data":"code=4%2F0AY0e-g6mbMvwixlWoyX8AOrQZg9AdclsnbXf7j-33LilczPzJyjgf2H_3QaQseDQ2n492A&client_id=583438906271-3ajmphde7h1743p0s2j4k6dc7n2frcnm.apps.googleusercontent.com&client_secret=TGjC7c3V_Ye0NF8vaA7v7Bma&redirect_uri=http%3A%2F%2Flocalhost%3A3000&grant_type=authorization_code&code_verifier=plain","headers":{"Content-Type":"application/x-www-form-urlencoded","User-Agent":"google-api-nodejs-client/6.1.3","x-goog-api-client":"gl-node/14.15.0 auth/6.1.3","Accept":"application/json"},"body":"code=4%2F0AY0e-g6mbMvwixlWoyX8AOrQZg9AdclsnbXf7j-33LilczPzJyjgf2H_3QaQseDQ2n492A&client_id=583438906271-3ajmphde7h1743p0s2j4k6dc7n2frcnm.apps.googleusercontent.com&client_secret=TGjC7c3V_Ye0NF8vaA7v7Bma&redirect_uri=http%3A%2F%2Flocalhost%3A3000&grant_type=authorization_code&code_verifier=plain","responseType":"json"},"code":"400","level":"error"}
{"message":{"code":"4/0AY0e-g4OhF2K0GMryfHMkelz0Rsf3Vckb_4PhBzoiPqEplb11NZfaSpHwNRYfJTuPIr4UA","client_id":"583438906271-3ajmphde7h1743p0s2j4k6dc7n2frcnm.apps.googleusercontent.com","redirect_uri":"http://localhost:3000/login","response_type":"code","audience":"","grant_type":"authorization_code","code_verifier":"751adda235aa746709d10b8d47966747b160d83367758dcb387631a7"},"level":"debug"}
{"response":{"config":{"method":"POST","url":"https://oauth2.googleapis.com/token","data":"code=4%2F0AY0e-g4OhF2K0GMryfHMkelz0Rsf3Vckb_4PhBzoiPqEplb11NZfaSpHwNRYfJTuPIr4UA&client_id=583438906271-3ajmphde7h1743p0s2j4k6dc7n2frcnm.apps.googleusercontent.com&client_secret=TGjC7c3V_Ye0NF8vaA7v7Bma&redirect_uri=http%3A%2F%2Flocalhost%3A3000&grant_type=authorization_code&code_verifier=plain","headers":{"Content-Type":"application/x-www-form-urlencoded","User-Agent":"google-api-nodejs-client/6.1.3","x-goog-api-client":"gl-node/14.15.0 auth/6.1.3","Accept":"application/json"},"body":"code=4%2F0AY0e-g4OhF2K0GMryfHMkelz0Rsf3Vckb_4PhBzoiPqEplb11NZfaSpHwNRYfJTuPIr4UA&client_id=583438906271-3ajmphde7h1743p0s2j4k6dc7n2frcnm.apps.googleusercontent.com&client_secret=TGjC7c3V_Ye0NF8vaA7v7Bma&redirect_uri=http%3A%2F%2Flocalhost%3A3000&grant_type=authorization_code&code_verifier=plain","responseType":"json"},"data":{"error":"invalid_grant","error_description":"Invalid code verifier."},"headers":{"alt-svc":"h3-Q050=\":443\"; ma=2592000,h3-29=\":443\"; ma=2592000,h3-T051=\":443\"; ma=2592000,h3-T050=\":443\"; ma=2592000,h3-Q046=\":443\"; ma=2592000,h3-Q043=\":443\"; ma=2592000,quic=\":443\"; ma=2592000; v=\"46,43\"","cache-control":"no-cache, no-store, max-age=0, must-revalidate","connection":"close","content-encoding":"gzip","content-type":"application/json; charset=utf-8","date":"Fri, 13 Nov 2020 12:42:06 GMT","expires":"Mon, 01 Jan 1990 00:00:00 GMT","pragma":"no-cache","server":"scaffolding on HTTPServer2","transfer-encoding":"chunked","vary":"Origin, X-Origin, Referer","x-content-type-options":"nosniff","x-frame-options":"SAMEORIGIN","x-xss-protection":"0"},"status":400,"statusText":"Bad Request","request":{"responseURL":"https://oauth2.googleapis.com/token"}},"config":{"method":"POST","url":"https://oauth2.googleapis.com/token","data":"code=4%2F0AY0e-g4OhF2K0GMryfHMkelz0Rsf3Vckb_4PhBzoiPqEplb11NZfaSpHwNRYfJTuPIr4UA&client_id=583438906271-3ajmphde7h1743p0s2j4k6dc7n2frcnm.apps.googleusercontent.com&client_secret=TGjC7c3V_Ye0NF8vaA7v7Bma&redirect_uri=http%3A%2F%2Flocalhost%3A3000&grant_type=authorization_code&code_verifier=plain","headers":{"Content-Type":"application/x-www-form-urlencoded","User-Agent":"google-api-nodejs-client/6.1.3","x-goog-api-client":"gl-node/14.15.0 auth/6.1.3","Accept":"application/json"},"body":"code=4%2F0AY0e-g4OhF2K0GMryfHMkelz0Rsf3Vckb_4PhBzoiPqEplb11NZfaSpHwNRYfJTuPIr4UA&client_id=583438906271-3ajmphde7h1743p0s2j4k6dc7n2frcnm.apps.googleusercontent.com&client_secret=TGjC7c3V_Ye0NF8vaA7v7Bma&redirect_uri=http%3A%2F%2Flocalhost%3A3000&grant_type=authorization_code&code_verifier=plain","responseType":"json"},"code":"400","level":"error"}
{"message":"Logging initialized at debug level","level":"debug"}
{"message":"Express server app listening on port 8000!","level":"info"}
{"message":"Successfully connected to DB server","level":"info"}
{"message":"Logging initialized at debug level","level":"debug"}
{"message":"Express server app listening on port 8000!","level":"info"}
{"message":"Successfully connected to DB server","level":"info"}
{"message":{"code":"4/0AY0e-g4OhF2K0GMryfHMkelz0Rsf3Vckb_4PhBzoiPqEplb11NZfaSpHwNRYfJTuPIr4UA","client_id":"583438906271-3ajmphde7h1743p0s2j4k6dc7n2frcnm.apps.googleusercontent.com","redirect_uri":"http://localhost:3000/login","response_type":"code","audience":"","grant_type":"authorization_code"},"level":"debug"}
{"response":{"config":{"method":"POST","url":"https://oauth2.googleapis.com/token","data":"code=4%2F0AY0e-g4OhF2K0GMryfHMkelz0Rsf3Vckb_4PhBzoiPqEplb11NZfaSpHwNRYfJTuPIr4UA&client_id=583438906271-3ajmphde7h1743p0s2j4k6dc7n2frcnm.apps.googleusercontent.com&client_secret=TGjC7c3V_Ye0NF8vaA7v7Bma&redirect_uri=http%3A%2F%2Flocalhost%3A3000&grant_type=authorization_code&code_verifier=","headers":{"Content-Type":"application/x-www-form-urlencoded","User-Agent":"google-api-nodejs-client/6.1.3","x-goog-api-client":"gl-node/14.15.0 auth/6.1.3","Accept":"application/json"},"body":"code=4%2F0AY0e-g4OhF2K0GMryfHMkelz0Rsf3Vckb_4PhBzoiPqEplb11NZfaSpHwNRYfJTuPIr4UA&client_id=583438906271-3ajmphde7h1743p0s2j4k6dc7n2frcnm.apps.googleusercontent.com&client_secret=TGjC7c3V_Ye0NF8vaA7v7Bma&redirect_uri=http%3A%2F%2Flocalhost%3A3000&grant_type=authorization_code&code_verifier=","responseType":"json"},"data":{"error":"invalid_grant","error_description":"Bad Request"},"headers":{"alt-svc":"h3-Q050=\":443\"; ma=2592000,h3-29=\":443\"; ma=2592000,h3-T051=\":443\"; ma=2592000,h3-T050=\":443\"; ma=2592000,h3-Q046=\":443\"; ma=2592000,h3-Q043=\":443\"; ma=2592000,quic=\":443\"; ma=2592000; v=\"46,43\"","cache-control":"no-cache, no-store, max-age=0, must-revalidate","connection":"close","content-encoding":"gzip","content-type":"application/json; charset=utf-8","date":"Fri, 13 Nov 2020 12:52:14 GMT","expires":"Mon, 01 Jan 1990 00:00:00 GMT","pragma":"no-cache","server":"scaffolding on HTTPServer2","transfer-encoding":"chunked","vary":"Origin, X-Origin, Referer","x-content-type-options":"nosniff","x-frame-options":"SAMEORIGIN","x-xss-protection":"0"},"status":400,"statusText":"Bad Request","request":{"responseURL":"https://oauth2.googleapis.com/token"}},"config":{"method":"POST","url":"https://oauth2.googleapis.com/token","data":"code=4%2F0AY0e-g4OhF2K0GMryfHMkelz0Rsf3Vckb_4PhBzoiPqEplb11NZfaSpHwNRYfJTuPIr4UA&client_id=583438906271-3ajmphde7h1743p0s2j4k6dc7n2frcnm.apps.googleusercontent.com&client_secret=TGjC7c3V_Ye0NF8vaA7v7Bma&redirect_uri=http%3A%2F%2Flocalhost%3A3000&grant_type=authorization_code&code_verifier=","headers":{"Content-Type":"application/x-www-form-urlencoded","User-Agent":"google-api-nodejs-client/6.1.3","x-goog-api-client":"gl-node/14.15.0 auth/6.1.3","Accept":"application/json"},"body":"code=4%2F0AY0e-g4OhF2K0GMryfHMkelz0Rsf3Vckb_4PhBzoiPqEplb11NZfaSpHwNRYfJTuPIr4UA&client_id=583438906271-3ajmphde7h1743p0s2j4k6dc7n2frcnm.apps.googleusercontent.com&client_secret=TGjC7c3V_Ye0NF8vaA7v7Bma&redirect_uri=http%3A%2F%2Flocalhost%3A3000&grant_type=authorization_code&code_verifier=","responseType":"json"},"code":"400","level":"error"}
{"message":"Logging initialized at debug level","level":"debug"}
{"message":"Express server app listening on port 8000!","level":"info"}
{"message":"Successfully connected to DB server","level":"info"}
{"message":"Logging initialized at debug level","level":"debug"}
{"message":"Express server app listening on port 8000!","level":"info"}
{"message":"Successfully connected to DB server","level":"info"}
{"message":"Logging initialized at debug level","level":"debug"}
{"message":"Express server app listening on port 8000!","level":"info"}
{"message":"Successfully connected to DB server","level":"info"}
{"message":{"code":"4/0AY0e-g4OhF2K0GMryfHMkelz0Rsf3Vckb_4PhBzoiPqEplb11NZfaSpHwNRYfJTuPIr4UA","client_id":"583438906271-3ajmphde7h1743p0s2j4k6dc7n2frcnm.apps.googleusercontent.com","redirect_uri":"http://localhost:3000/login","response_type":"code","audience":"","grant_type":"authorization_code"},"level":"debug"}
{"response":{"config":{"method":"POST","url":"https://oauth2.googleapis.com/token","data":"code=4%2F0AY0e-g4OhF2K0GMryfHMkelz0Rsf3Vckb_4PhBzoiPqEplb11NZfaSpHwNRYfJTuPIr4UA&client_id=583438906271-3ajmphde7h1743p0s2j4k6dc7n2frcnm.apps.googleusercontent.com&client_secret=TGjC7c3V_Ye0NF8vaA7v7Bma&redirect_uri=http%3A%2F%2Flocalhost%3A3000&grant_type=authorization_code&code_verifier=","headers":{"Content-Type":"application/x-www-form-urlencoded","User-Agent":"google-api-nodejs-client/6.1.3","x-goog-api-client":"gl-node/14.15.0 auth/6.1.3","Accept":"application/json"},"body":"code=4%2F0AY0e-g4OhF2K0GMryfHMkelz0Rsf3Vckb_4PhBzoiPqEplb11NZfaSpHwNRYfJTuPIr4UA&client_id=583438906271-3ajmphde7h1743p0s2j4k6dc7n2frcnm.apps.googleusercontent.com&client_secret=TGjC7c3V_Ye0NF8vaA7v7Bma&redirect_uri=http%3A%2F%2Flocalhost%3A3000&grant_type=authorization_code&code_verifier=","responseType":"json"},"data":{"error":"invalid_grant","error_description":"Bad Request"},"headers":{"alt-svc":"h3-Q050=\":443\"; ma=2592000,h3-29=\":443\"; ma=2592000,h3-T051=\":443\"; ma=2592000,h3-T050=\":443\"; ma=2592000,h3-Q046=\":443\"; ma=2592000,h3-Q043=\":443\"; ma=2592000,quic=\":443\"; ma=2592000; v=\"46,43\"","cache-control":"no-cache, no-store, max-age=0, must-revalidate","connection":"close","content-encoding":"gzip","content-type":"application/json; charset=utf-8","date":"Fri, 13 Nov 2020 12:56:31 GMT","expires":"Mon, 01 Jan 1990 00:00:00 GMT","pragma":"no-cache","server":"scaffolding on HTTPServer2","transfer-encoding":"chunked","vary":"Origin, X-Origin, Referer","x-content-type-options":"nosniff","x-frame-options":"SAMEORIGIN","x-xss-protection":"0"},"status":400,"statusText":"Bad Request","request":{"responseURL":"https://oauth2.googleapis.com/token"}},"config":{"method":"POST","url":"https://oauth2.googleapis.com/token","data":"code=4%2F0AY0e-g4OhF2K0GMryfHMkelz0Rsf3Vckb_4PhBzoiPqEplb11NZfaSpHwNRYfJTuPIr4UA&client_id=583438906271-3ajmphde7h1743p0s2j4k6dc7n2frcnm.apps.googleusercontent.com&client_secret=TGjC7c3V_Ye0NF8vaA7v7Bma&redirect_uri=http%3A%2F%2Flocalhost%3A3000&grant_type=authorization_code&code_verifier=","headers":{"Content-Type":"application/x-www-form-urlencoded","User-Agent":"google-api-nodejs-client/6.1.3","x-goog-api-client":"gl-node/14.15.0 auth/6.1.3","Accept":"application/json"},"body":"code=4%2F0AY0e-g4OhF2K0GMryfHMkelz0Rsf3Vckb_4PhBzoiPqEplb11NZfaSpHwNRYfJTuPIr4UA&client_id=583438906271-3ajmphde7h1743p0s2j4k6dc7n2frcnm.apps.googleusercontent.com&client_secret=TGjC7c3V_Ye0NF8vaA7v7Bma&redirect_uri=http%3A%2F%2Flocalhost%3A3000&grant_type=authorization_code&code_verifier=","responseType":"json"},"code":"400","level":"debug"}
{"message":{"code":"4/0AY0e-g4OhF2K0GMryfHMkelz0Rsf3Vckb_4PhBzoiPqEplb11NZfaSpHwNRYfJTuPIr4UA","client_id":"583438906271-3ajmphde7h1743p0s2j4k6dc7n2frcnm.apps.googleusercontent.com","redirect_uri":"http://localhost:3000/login","response_type":"code","audience":"","grant_type":"authorization_code"},"level":"debug"}
{"response":{"config":{"method":"POST","url":"https://oauth2.googleapis.com/token","data":"code=4%2F0AY0e-g4OhF2K0GMryfHMkelz0Rsf3Vckb_4PhBzoiPqEplb11NZfaSpHwNRYfJTuPIr4UA&client_id=583438906271-3ajmphde7h1743p0s2j4k6dc7n2frcnm.apps.googleusercontent.com&client_secret=TGjC7c3V_Ye0NF8vaA7v7Bma&redirect_uri=http%3A%2F%2Flocalhost%3A3000&grant_type=authorization_code&code_verifier=","headers":{"Content-Type":"application/x-www-form-urlencoded","User-Agent":"google-api-nodejs-client/6.1.3","x-goog-api-client":"gl-node/14.15.0 auth/6.1.3","Accept":"application/json"},"body":"code=4%2F0AY0e-g4OhF2K0GMryfHMkelz0Rsf3Vckb_4PhBzoiPqEplb11NZfaSpHwNRYfJTuPIr4UA&client_id=583438906271-3ajmphde7h1743p0s2j4k6dc7n2frcnm.apps.googleusercontent.com&client_secret=TGjC7c3V_Ye0NF8vaA7v7Bma&redirect_uri=http%3A%2F%2Flocalhost%3A3000&grant_type=authorization_code&code_verifier=","responseType":"json"},"data":{"error":"invalid_grant","error_description":"Bad Request"},"headers":{"alt-svc":"h3-Q050=\":443\"; ma=2592000,h3-29=\":443\"; ma=2592000,h3-T051=\":443\"; ma=2592000,h3-T050=\":443\"; ma=2592000,h3-Q046=\":443\"; ma=2592000,h3-Q043=\":443\"; ma=2592000,quic=\":443\"; ma=2592000; v=\"46,43\"","cache-control":"no-cache, no-store, max-age=0, must-revalidate","connection":"close","content-encoding":"gzip","content-type":"application/json; charset=utf-8","date":"Fri, 13 Nov 2020 13:02:00 GMT","expires":"Mon, 01 Jan 1990 00:00:00 GMT","pragma":"no-cache","server":"scaffolding on HTTPServer2","transfer-encoding":"chunked","vary":"Origin, X-Origin, Referer","x-content-type-options":"nosniff","x-frame-options":"SAMEORIGIN","x-xss-protection":"0"},"status":400,"statusText":"Bad Request","request":{"responseURL":"https://oauth2.googleapis.com/token"}},"config":{"method":"POST","url":"https://oauth2.googleapis.com/token","data":"code=4%2F0AY0e-g4OhF2K0GMryfHMkelz0Rsf3Vckb_4PhBzoiPqEplb11NZfaSpHwNRYfJTuPIr4UA&client_id=583438906271-3ajmphde7h1743p0s2j4k6dc7n2frcnm.apps.googleusercontent.com&client_secret=TGjC7c3V_Ye0NF8vaA7v7Bma&redirect_uri=http%3A%2F%2Flocalhost%3A3000&grant_type=authorization_code&code_verifier=","headers":{"Content-Type":"application/x-www-form-urlencoded","User-Agent":"google-api-nodejs-client/6.1.3","x-goog-api-client":"gl-node/14.15.0 auth/6.1.3","Accept":"application/json"},"body":"code=4%2F0AY0e-g4OhF2K0GMryfHMkelz0Rsf3Vckb_4PhBzoiPqEplb11NZfaSpHwNRYfJTuPIr4UA&client_id=583438906271-3ajmphde7h1743p0s2j4k6dc7n2frcnm.apps.googleusercontent.com&client_secret=TGjC7c3V_Ye0NF8vaA7v7Bma&redirect_uri=http%3A%2F%2Flocalhost%3A3000&grant_type=authorization_code&code_verifier=","responseType":"json"},"code":"400","level":"debug"}
{"message":{"code":"4/0AY0e-g4OhF2K0GMryfHMkelz0Rsf3Vckb_4PhBzoiPqEplb11NZfaSpHwNRYfJTuPIr4UA","client_id":"583438906271-3ajmphde7h1743p0s2j4k6dc7n2frcnm.apps.googleusercontent.com","redirect_uri":"http://localhost:3000/login","response_type":"code","audience":"","grant_type":"authorization_code"},"level":"debug"}
{"response":{"config":{"method":"POST","url":"https://oauth2.googleapis.com/token","data":"code=4%2F0AY0e-g4OhF2K0GMryfHMkelz0Rsf3Vckb_4PhBzoiPqEplb11NZfaSpHwNRYfJTuPIr4UA&client_id=583438906271-3ajmphde7h1743p0s2j4k6dc7n2frcnm.apps.googleusercontent.com&client_secret=TGjC7c3V_Ye0NF8vaA7v7Bma&redirect_uri=http%3A%2F%2Flocalhost%3A3000&grant_type=authorization_code&code_verifier=","headers":{"Content-Type":"application/x-www-form-urlencoded","User-Agent":"google-api-nodejs-client/6.1.3","x-goog-api-client":"gl-node/14.15.0 auth/6.1.3","Accept":"application/json"},"body":"code=4%2F0AY0e-g4OhF2K0GMryfHMkelz0Rsf3Vckb_4PhBzoiPqEplb11NZfaSpHwNRYfJTuPIr4UA&client_id=583438906271-3ajmphde7h1743p0s2j4k6dc7n2frcnm.apps.googleusercontent.com&client_secret=TGjC7c3V_Ye0NF8vaA7v7Bma&redirect_uri=http%3A%2F%2Flocalhost%3A3000&grant_type=authorization_code&code_verifier=","responseType":"json"},"data":{"error":"invalid_grant","error_description":"Bad Request"},"headers":{"alt-svc":"h3-Q050=\":443\"; ma=2592000,h3-29=\":443\"; ma=2592000,h3-T051=\":443\"; ma=2592000,h3-T050=\":443\"; ma=2592000,h3-Q046=\":443\"; ma=2592000,h3-Q043=\":443\"; ma=2592000,quic=\":443\"; ma=2592000; v=\"46,43\"","cache-control":"no-cache, no-store, max-age=0, must-revalidate","connection":"close","content-encoding":"gzip","content-type":"application/json; charset=utf-8","date":"Fri, 13 Nov 2020 13:02:09 GMT","expires":"Mon, 01 Jan 1990 00:00:00 GMT","pragma":"no-cache","server":"scaffolding on HTTPServer2","transfer-encoding":"chunked","vary":"Origin, X-Origin, Referer","x-content-type-options":"nosniff","x-frame-options":"SAMEORIGIN","x-xss-protection":"0"},"status":400,"statusText":"Bad Request","request":{"responseURL":"https://oauth2.googleapis.com/token"}},"config":{"method":"POST","url":"https://oauth2.googleapis.com/token","data":"code=4%2F0AY0e-g4OhF2K0GMryfHMkelz0Rsf3Vckb_4PhBzoiPqEplb11NZfaSpHwNRYfJTuPIr4UA&client_id=583438906271-3ajmphde7h1743p0s2j4k6dc7n2frcnm.apps.googleusercontent.com&client_secret=TGjC7c3V_Ye0NF8vaA7v7Bma&redirect_uri=http%3A%2F%2Flocalhost%3A3000&grant_type=authorization_code&code_verifier=","headers":{"Content-Type":"application/x-www-form-urlencoded","User-Agent":"google-api-nodejs-client/6.1.3","x-goog-api-client":"gl-node/14.15.0 auth/6.1.3","Accept":"application/json"},"body":"code=4%2F0AY0e-g4OhF2K0GMryfHMkelz0Rsf3Vckb_4PhBzoiPqEplb11NZfaSpHwNRYfJTuPIr4UA&client_id=583438906271-3ajmphde7h1743p0s2j4k6dc7n2frcnm.apps.googleusercontent.com&client_secret=TGjC7c3V_Ye0NF8vaA7v7Bma&redirect_uri=http%3A%2F%2Flocalhost%3A3000&grant_type=authorization_code&code_verifier=","responseType":"json"},"code":"400","level":"debug"}
{"message":"Logging initialized at debug level","level":"debug"}
{"message":"Express server app listening on port 8000!","level":"info"}
{"message":"Couldn't connect to MySQL server SequelizeConnectionRefusedError: connect ECONNREFUSED 127.0.0.1:3306","level":"error"}
{"message":"Logging initialized at debug level","level":"debug"}
{"message":"Express server app listening on port 8000!","level":"info"}
{"message":"Successfully connected to DB server","level":"info"}
